Copyright 1986-2019 Xilinx, Inc. All Rights Reserved.
--------------------------------------------------------------------------------------------------------------------------------------------------------------------------------------------------------------------------------
| Tool Version : Vivado v.2019.2 (win64) Build 2708876 Wed Nov  6 21:40:23 MST 2019
| Date         : Wed Nov 30 10:16:40 2022
| Host         : ecelwavw132407 running 64-bit major release  (build 9200)
| Command      : report_timing_summary -max_paths 10 -file board_fa_3bit_count_timing_summary_routed.rpt -pb board_fa_3bit_count_timing_summary_routed.pb -rpx board_fa_3bit_count_timing_summary_routed.rpx -warn_on_violation
| Design       : board_fa_3bit_count
| Device       : 7a35ti-cpg236
| Speed File   : -1L  PRODUCTION 1.23 2018-06-13
--------------------------------------------------------------------------------------------------------------------------------------------------------------------------------------------------------------------------------

Timing Summary Report

------------------------------------------------------------------------------------------------
| Timer Settings
| --------------
------------------------------------------------------------------------------------------------

  Enable Multi Corner Analysis               :  Yes
  Enable Pessimism Removal                   :  Yes
  Pessimism Removal Resolution               :  Nearest Common Node
  Enable Input Delay Default Clock           :  No
  Enable Preset / Clear Arcs                 :  No
  Disable Flight Delays                      :  No
  Ignore I/O Paths                           :  No
  Timing Early Launch at Borrowing Latches   :  No
  Borrow Time for Max Delay Exceptions       :  Yes
  Merge Timing Exceptions                    :  Yes

  Corner  Analyze    Analyze    
  Name    Max Paths  Min Paths  
  ------  ---------  ---------  
  Slow    Yes        Yes        
  Fast    Yes        Yes        



check_timing report

Table of Contents
-----------------
1. checking no_clock
2. checking constant_clock
3. checking pulse_width_clock
4. checking unconstrained_internal_endpoints
5. checking no_input_delay
6. checking no_output_delay
7. checking multiple_clock
8. checking generated_clocks
9. checking loops
10. checking partial_input_delay
11. checking partial_output_delay
12. checking latch_loops

1. checking no_clock
--------------------
 There are 0 register/latch pins with no clock.


2. checking constant_clock
--------------------------
 There are 0 register/latch pins with constant_clock.


3. checking pulse_width_clock
-----------------------------
 There are 0 register/latch pins which need pulse_width check


4. checking unconstrained_internal_endpoints
--------------------------------------------
 There are 0 pins that are not constrained for maximum delay.

 There are 0 pins that are not constrained for maximum delay due to constant clock.


5. checking no_input_delay
--------------------------
 There is 1 input port with no input delay specified. (HIGH)

 There are 0 input ports with no input delay but user has a false path constraint.


6. checking no_output_delay
---------------------------
 There are 5 ports with no output delay specified. (HIGH)

 There are 0 ports with no output delay but user has a false path constraint

 There are 0 ports with no output delay but with a timing clock defined on it or propagating through it


7. checking multiple_clock
--------------------------
 There are 0 register/latch pins with multiple clocks.


8. checking generated_clocks
----------------------------
 There are 0 generated clocks that are not connected to a clock source.


9. checking loops
-----------------
 There are 0 combinational loops in the design.


10. checking partial_input_delay
--------------------------------
 There are 0 input ports with partial input delay specified.


11. checking partial_output_delay
---------------------------------
 There are 0 ports with partial output delay specified.


12. checking latch_loops
------------------------
 There are 0 combinational latch loops in the design through latch input



------------------------------------------------------------------------------------------------
| Design Timing Summary
| ---------------------
------------------------------------------------------------------------------------------------

    WNS(ns)      TNS(ns)  TNS Failing Endpoints  TNS Total Endpoints      WHS(ns)      THS(ns)  THS Failing Endpoints  THS Total Endpoints     WPWS(ns)     TPWS(ns)  TPWS Failing Endpoints  TPWS Total Endpoints  
    -------      -------  ---------------------  -------------------      -------      -------  ---------------------  -------------------     --------     --------  ----------------------  --------------------  
      8.048        0.000                      0                    3        0.324        0.000                      0                    3        4.500        0.000                       0                     4  


All user specified timing constraints are met.


------------------------------------------------------------------------------------------------
| Clock Summary
| -------------
------------------------------------------------------------------------------------------------

Clock        Waveform(ns)       Period(ns)      Frequency(MHz)
-----        ------------       ----------      --------------
sys_clk_pin  {0.000 5.000}      10.000          100.000         


------------------------------------------------------------------------------------------------
| Intra Clock Table
| -----------------
------------------------------------------------------------------------------------------------

Clock             WNS(ns)      TNS(ns)  TNS Failing Endpoints  TNS Total Endpoints      WHS(ns)      THS(ns)  THS Failing Endpoints  THS Total Endpoints     WPWS(ns)     TPWS(ns)  TPWS Failing Endpoints  TPWS Total Endpoints  
-----             -------      -------  ---------------------  -------------------      -------      -------  ---------------------  -------------------     --------     --------  ----------------------  --------------------  
sys_clk_pin         8.048        0.000                      0                    3        0.324        0.000                      0                    3        4.500        0.000                       0                     4  


------------------------------------------------------------------------------------------------
| Inter Clock Table
| -----------------
------------------------------------------------------------------------------------------------

From Clock    To Clock          WNS(ns)      TNS(ns)  TNS Failing Endpoints  TNS Total Endpoints      WHS(ns)      THS(ns)  THS Failing Endpoints  THS Total Endpoints  
----------    --------          -------      -------  ---------------------  -------------------      -------      -------  ---------------------  -------------------  


------------------------------------------------------------------------------------------------
| Other Path Groups Table
| -----------------------
------------------------------------------------------------------------------------------------

Path Group    From Clock    To Clock          WNS(ns)      TNS(ns)  TNS Failing Endpoints  TNS Total Endpoints      WHS(ns)      THS(ns)  THS Failing Endpoints  THS Total Endpoints  
----------    ----------    --------          -------      -------  ---------------------  -------------------      -------      -------  ---------------------  -------------------  


------------------------------------------------------------------------------------------------
| Timing Details
| --------------
------------------------------------------------------------------------------------------------


---------------------------------------------------------------------------------------------------
From Clock:  sys_clk_pin
  To Clock:  sys_clk_pin

Setup :            0  Failing Endpoints,  Worst Slack        8.048ns,  Total Violation        0.000ns
Hold  :            0  Failing Endpoints,  Worst Slack        0.324ns,  Total Violation        0.000ns
PW    :            0  Failing Endpoints,  Worst Slack        4.500ns,  Total Violation        0.000ns
---------------------------------------------------------------------------------------------------


Max Delay Paths
--------------------------------------------------------------------------------------
Slack (MET) :             8.048ns  (required time - arrival time)
  Source:                 b_fa_3bit_count/two_bit_count/q_reg[1]/C
                            (rising edge-triggered cell FDCE clocked by sys_clk_pin  {rise@0.000ns fall@5.000ns period=10.000ns})
  Destination:            b_fa_3bit_count/two_bit_count/q_reg[1]/D
                            (rising edge-triggered cell FDCE clocked by sys_clk_pin  {rise@0.000ns fall@5.000ns period=10.000ns})
  Path Group:             sys_clk_pin
  Path Type:              Setup (Max at Slow Process Corner)
  Requirement:            10.000ns  (sys_clk_pin rise@10.000ns - sys_clk_pin rise@0.000ns)
  Data Path Delay:        1.946ns  (logic 0.580ns (29.804%)  route 1.366ns (70.196%))
  Logic Levels:           1  (LUT2=1)
  Clock Path Skew:        0.000ns (DCD - SCD + CPR)
    Destination Clock Delay (DCD):    4.850ns = ( 14.850 - 10.000 ) 
    Source Clock Delay      (SCD):    5.147ns
    Clock Pessimism Removal (CPR):    0.297ns
  Clock Uncertainty:      0.035ns  ((TSJ^2 + TIJ^2)^1/2 + DJ) / 2 + PE
    Total System Jitter     (TSJ):    0.071ns
    Total Input Jitter      (TIJ):    0.000ns
    Discrete Jitter          (DJ):    0.000ns
    Phase Error              (PE):    0.000ns

    Location             Delay type                Incr(ns)  Path(ns)    Netlist Resource(s)
  -------------------------------------------------------------------    -------------------
                         (clock sys_clk_pin rise edge)
                                                      0.000     0.000 r  
    W5                                                0.000     0.000 r  clk (IN)
                         net (fo=0)                   0.000     0.000    clk
    W5                   IBUF (Prop_ibuf_I_O)         1.458     1.458 r  clk_IBUF_inst/O
                         net (fo=1, routed)           1.967     3.425    clk_IBUF
    BUFGCTRL_X0Y0        BUFG (Prop_bufg_I_O)         0.096     3.521 r  clk_IBUF_BUFG_inst/O
                         net (fo=3, routed)           1.626     5.147    b_fa_3bit_count/two_bit_count/clk
    SLICE_X65Y93         FDCE                                         r  b_fa_3bit_count/two_bit_count/q_reg[1]/C
  -------------------------------------------------------------------    -------------------
    SLICE_X65Y93         FDCE (Prop_fdce_C_Q)         0.456     5.603 r  b_fa_3bit_count/two_bit_count/q_reg[1]/Q
                         net (fo=5, routed)           1.366     6.969    b_fa_3bit_count/two_bit_count/abc[1]
    SLICE_X65Y93         LUT2 (Prop_lut2_I1_O)        0.124     7.093 r  b_fa_3bit_count/two_bit_count/q[1]_i_1/O
                         net (fo=1, routed)           0.000     7.093    b_fa_3bit_count/two_bit_count/p_0_in[1]
    SLICE_X65Y93         FDCE                                         r  b_fa_3bit_count/two_bit_count/q_reg[1]/D
  -------------------------------------------------------------------    -------------------

                         (clock sys_clk_pin rise edge)
                                                     10.000    10.000 r  
    W5                                                0.000    10.000 r  clk (IN)
                         net (fo=0)                   0.000    10.000    clk
    W5                   IBUF (Prop_ibuf_I_O)         1.388    11.388 r  clk_IBUF_inst/O
                         net (fo=1, routed)           1.862    13.250    clk_IBUF
    BUFGCTRL_X0Y0        BUFG (Prop_bufg_I_O)         0.091    13.341 r  clk_IBUF_BUFG_inst/O
                         net (fo=3, routed)           1.509    14.850    b_fa_3bit_count/two_bit_count/clk
    SLICE_X65Y93         FDCE                                         r  b_fa_3bit_count/two_bit_count/q_reg[1]/C
                         clock pessimism              0.297    15.147    
                         clock uncertainty           -0.035    15.112    
    SLICE_X65Y93         FDCE (Setup_fdce_C_D)        0.029    15.141    b_fa_3bit_count/two_bit_count/q_reg[1]
  -------------------------------------------------------------------
                         required time                         15.141    
                         arrival time                          -7.093    
  -------------------------------------------------------------------
                         slack                                  8.048    

Slack (MET) :             8.218ns  (required time - arrival time)
  Source:                 b_fa_3bit_count/two_bit_count/q_reg[1]/C
                            (rising edge-triggered cell FDCE clocked by sys_clk_pin  {rise@0.000ns fall@5.000ns period=10.000ns})
  Destination:            b_fa_3bit_count/two_bit_count/q_reg[2]/D
                            (rising edge-triggered cell FDCE clocked by sys_clk_pin  {rise@0.000ns fall@5.000ns period=10.000ns})
  Path Group:             sys_clk_pin
  Path Type:              Setup (Max at Slow Process Corner)
  Requirement:            10.000ns  (sys_clk_pin rise@10.000ns - sys_clk_pin rise@0.000ns)
  Data Path Delay:        1.778ns  (logic 0.580ns (32.620%)  route 1.198ns (67.380%))
  Logic Levels:           1  (LUT3=1)
  Clock Path Skew:        0.000ns (DCD - SCD + CPR)
    Destination Clock Delay (DCD):    4.850ns = ( 14.850 - 10.000 ) 
    Source Clock Delay      (SCD):    5.147ns
    Clock Pessimism Removal (CPR):    0.297ns
  Clock Uncertainty:      0.035ns  ((TSJ^2 + TIJ^2)^1/2 + DJ) / 2 + PE
    Total System Jitter     (TSJ):    0.071ns
    Total Input Jitter      (TIJ):    0.000ns
    Discrete Jitter          (DJ):    0.000ns
    Phase Error              (PE):    0.000ns

    Location             Delay type                Incr(ns)  Path(ns)    Netlist Resource(s)
  -------------------------------------------------------------------    -------------------
                         (clock sys_clk_pin rise edge)
                                                      0.000     0.000 r  
    W5                                                0.000     0.000 r  clk (IN)
                         net (fo=0)                   0.000     0.000    clk
    W5                   IBUF (Prop_ibuf_I_O)         1.458     1.458 r  clk_IBUF_inst/O
                         net (fo=1, routed)           1.967     3.425    clk_IBUF
    BUFGCTRL_X0Y0        BUFG (Prop_bufg_I_O)         0.096     3.521 r  clk_IBUF_BUFG_inst/O
                         net (fo=3, routed)           1.626     5.147    b_fa_3bit_count/two_bit_count/clk
    SLICE_X65Y93         FDCE                                         r  b_fa_3bit_count/two_bit_count/q_reg[1]/C
  -------------------------------------------------------------------    -------------------
    SLICE_X65Y93         FDCE (Prop_fdce_C_Q)         0.456     5.603 r  b_fa_3bit_count/two_bit_count/q_reg[1]/Q
                         net (fo=5, routed)           1.198     6.801    b_fa_3bit_count/two_bit_count/abc[1]
    SLICE_X65Y93         LUT3 (Prop_lut3_I1_O)        0.124     6.925 r  b_fa_3bit_count/two_bit_count/q[2]_i_1/O
                         net (fo=1, routed)           0.000     6.925    b_fa_3bit_count/two_bit_count/p_0_in[2]
    SLICE_X65Y93         FDCE                                         r  b_fa_3bit_count/two_bit_count/q_reg[2]/D
  -------------------------------------------------------------------    -------------------

                         (clock sys_clk_pin rise edge)
                                                     10.000    10.000 r  
    W5                                                0.000    10.000 r  clk (IN)
                         net (fo=0)                   0.000    10.000    clk
    W5                   IBUF (Prop_ibuf_I_O)         1.388    11.388 r  clk_IBUF_inst/O
                         net (fo=1, routed)           1.862    13.250    clk_IBUF
    BUFGCTRL_X0Y0        BUFG (Prop_bufg_I_O)         0.091    13.341 r  clk_IBUF_BUFG_inst/O
                         net (fo=3, routed)           1.509    14.850    b_fa_3bit_count/two_bit_count/clk
    SLICE_X65Y93         FDCE                                         r  b_fa_3bit_count/two_bit_count/q_reg[2]/C
                         clock pessimism              0.297    15.147    
                         clock uncertainty           -0.035    15.112    
    SLICE_X65Y93         FDCE (Setup_fdce_C_D)        0.031    15.143    b_fa_3bit_count/two_bit_count/q_reg[2]
  -------------------------------------------------------------------
                         required time                         15.143    
                         arrival time                          -6.925    
  -------------------------------------------------------------------
                         slack                                  8.218    

Slack (MET) :             8.736ns  (required time - arrival time)
  Source:                 b_fa_3bit_count/two_bit_count/q_reg[0]/C
                            (rising edge-triggered cell FDCE clocked by sys_clk_pin  {rise@0.000ns fall@5.000ns period=10.000ns})
  Destination:            b_fa_3bit_count/two_bit_count/q_reg[0]/D
                            (rising edge-triggered cell FDCE clocked by sys_clk_pin  {rise@0.000ns fall@5.000ns period=10.000ns})
  Path Group:             sys_clk_pin
  Path Type:              Setup (Max at Slow Process Corner)
  Requirement:            10.000ns  (sys_clk_pin rise@10.000ns - sys_clk_pin rise@0.000ns)
  Data Path Delay:        1.259ns  (logic 0.580ns (46.061%)  route 0.679ns (53.939%))
  Logic Levels:           1  (LUT1=1)
  Clock Path Skew:        0.000ns (DCD - SCD + CPR)
    Destination Clock Delay (DCD):    4.850ns = ( 14.850 - 10.000 ) 
    Source Clock Delay      (SCD):    5.147ns
    Clock Pessimism Removal (CPR):    0.297ns
  Clock Uncertainty:      0.035ns  ((TSJ^2 + TIJ^2)^1/2 + DJ) / 2 + PE
    Total System Jitter     (TSJ):    0.071ns
    Total Input Jitter      (TIJ):    0.000ns
    Discrete Jitter          (DJ):    0.000ns
    Phase Error              (PE):    0.000ns

    Location             Delay type                Incr(ns)  Path(ns)    Netlist Resource(s)
  -------------------------------------------------------------------    -------------------
                         (clock sys_clk_pin rise edge)
                                                      0.000     0.000 r  
    W5                                                0.000     0.000 r  clk (IN)
                         net (fo=0)                   0.000     0.000    clk
    W5                   IBUF (Prop_ibuf_I_O)         1.458     1.458 r  clk_IBUF_inst/O
                         net (fo=1, routed)           1.967     3.425    clk_IBUF
    BUFGCTRL_X0Y0        BUFG (Prop_bufg_I_O)         0.096     3.521 r  clk_IBUF_BUFG_inst/O
                         net (fo=3, routed)           1.626     5.147    b_fa_3bit_count/two_bit_count/clk
    SLICE_X65Y93         FDCE                                         r  b_fa_3bit_count/two_bit_count/q_reg[0]/C
  -------------------------------------------------------------------    -------------------
    SLICE_X65Y93         FDCE (Prop_fdce_C_Q)         0.456     5.603 f  b_fa_3bit_count/two_bit_count/q_reg[0]/Q
                         net (fo=6, routed)           0.679     6.282    b_fa_3bit_count/two_bit_count/abc[0]
    SLICE_X65Y93         LUT1 (Prop_lut1_I0_O)        0.124     6.406 r  b_fa_3bit_count/two_bit_count/q[0]_i_1/O
                         net (fo=1, routed)           0.000     6.406    b_fa_3bit_count/two_bit_count/p_0_in[0]
    SLICE_X65Y93         FDCE                                         r  b_fa_3bit_count/two_bit_count/q_reg[0]/D
  -------------------------------------------------------------------    -------------------

                         (clock sys_clk_pin rise edge)
                                                     10.000    10.000 r  
    W5                                                0.000    10.000 r  clk (IN)
                         net (fo=0)                   0.000    10.000    clk
    W5                   IBUF (Prop_ibuf_I_O)         1.388    11.388 r  clk_IBUF_inst/O
                         net (fo=1, routed)           1.862    13.250    clk_IBUF
    BUFGCTRL_X0Y0        BUFG (Prop_bufg_I_O)         0.091    13.341 r  clk_IBUF_BUFG_inst/O
                         net (fo=3, routed)           1.509    14.850    b_fa_3bit_count/two_bit_count/clk
    SLICE_X65Y93         FDCE                                         r  b_fa_3bit_count/two_bit_count/q_reg[0]/C
                         clock pessimism              0.297    15.147    
                         clock uncertainty           -0.035    15.112    
    SLICE_X65Y93         FDCE (Setup_fdce_C_D)        0.031    15.143    b_fa_3bit_count/two_bit_count/q_reg[0]
  -------------------------------------------------------------------
                         required time                         15.143    
                         arrival time                          -6.406    
  -------------------------------------------------------------------
                         slack                                  8.736    





Min Delay Paths
--------------------------------------------------------------------------------------
Slack (MET) :             0.324ns  (arrival time - required time)
  Source:                 b_fa_3bit_count/two_bit_count/q_reg[0]/C
                            (rising edge-triggered cell FDCE clocked by sys_clk_pin  {rise@0.000ns fall@5.000ns period=10.000ns})
  Destination:            b_fa_3bit_count/two_bit_count/q_reg[2]/D
                            (rising edge-triggered cell FDCE clocked by sys_clk_pin  {rise@0.000ns fall@5.000ns period=10.000ns})
  Path Group:             sys_clk_pin
  Path Type:              Hold (Min at Fast Process Corner)
  Requirement:            0.000ns  (sys_clk_pin rise@0.000ns - sys_clk_pin rise@0.000ns)
  Data Path Delay:        0.416ns  (logic 0.186ns (44.694%)  route 0.230ns (55.306%))
  Logic Levels:           1  (LUT3=1)
  Clock Path Skew:        0.000ns (DCD - SCD - CPR)
    Destination Clock Delay (DCD):    1.991ns
    Source Clock Delay      (SCD):    1.476ns
    Clock Pessimism Removal (CPR):    0.515ns

    Location             Delay type                Incr(ns)  Path(ns)    Netlist Resource(s)
  -------------------------------------------------------------------    -------------------
                         (clock sys_clk_pin rise edge)
                                                      0.000     0.000 r  
    W5                                                0.000     0.000 r  clk (IN)
                         net (fo=0)                   0.000     0.000    clk
    W5                   IBUF (Prop_ibuf_I_O)         0.226     0.226 r  clk_IBUF_inst/O
                         net (fo=1, routed)           0.631     0.858    clk_IBUF
    BUFGCTRL_X0Y0        BUFG (Prop_bufg_I_O)         0.026     0.884 r  clk_IBUF_BUFG_inst/O
                         net (fo=3, routed)           0.593     1.476    b_fa_3bit_count/two_bit_count/clk
    SLICE_X65Y93         FDCE                                         r  b_fa_3bit_count/two_bit_count/q_reg[0]/C
  -------------------------------------------------------------------    -------------------
    SLICE_X65Y93         FDCE (Prop_fdce_C_Q)         0.141     1.617 r  b_fa_3bit_count/two_bit_count/q_reg[0]/Q
                         net (fo=6, routed)           0.230     1.847    b_fa_3bit_count/two_bit_count/abc[0]
    SLICE_X65Y93         LUT3 (Prop_lut3_I0_O)        0.045     1.892 r  b_fa_3bit_count/two_bit_count/q[2]_i_1/O
                         net (fo=1, routed)           0.000     1.892    b_fa_3bit_count/two_bit_count/p_0_in[2]
    SLICE_X65Y93         FDCE                                         r  b_fa_3bit_count/two_bit_count/q_reg[2]/D
  -------------------------------------------------------------------    -------------------

                         (clock sys_clk_pin rise edge)
                                                      0.000     0.000 r  
    W5                                                0.000     0.000 r  clk (IN)
                         net (fo=0)                   0.000     0.000    clk
    W5                   IBUF (Prop_ibuf_I_O)         0.414     0.414 r  clk_IBUF_inst/O
                         net (fo=1, routed)           0.685     1.099    clk_IBUF
    BUFGCTRL_X0Y0        BUFG (Prop_bufg_I_O)         0.029     1.128 r  clk_IBUF_BUFG_inst/O
                         net (fo=3, routed)           0.863     1.991    b_fa_3bit_count/two_bit_count/clk
    SLICE_X65Y93         FDCE                                         r  b_fa_3bit_count/two_bit_count/q_reg[2]/C
                         clock pessimism             -0.515     1.476    
    SLICE_X65Y93         FDCE (Hold_fdce_C_D)         0.092     1.568    b_fa_3bit_count/two_bit_count/q_reg[2]
  -------------------------------------------------------------------
                         required time                         -1.568    
                         arrival time                           1.892    
  -------------------------------------------------------------------
                         slack                                  0.324    

Slack (MET) :             0.337ns  (arrival time - required time)
  Source:                 b_fa_3bit_count/two_bit_count/q_reg[0]/C
                            (rising edge-triggered cell FDCE clocked by sys_clk_pin  {rise@0.000ns fall@5.000ns period=10.000ns})
  Destination:            b_fa_3bit_count/two_bit_count/q_reg[0]/D
                            (rising edge-triggered cell FDCE clocked by sys_clk_pin  {rise@0.000ns fall@5.000ns period=10.000ns})
  Path Group:             sys_clk_pin
  Path Type:              Hold (Min at Fast Process Corner)
  Requirement:            0.000ns  (sys_clk_pin rise@0.000ns - sys_clk_pin rise@0.000ns)
  Data Path Delay:        0.429ns  (logic 0.186ns (43.336%)  route 0.243ns (56.664%))
  Logic Levels:           1  (LUT1=1)
  Clock Path Skew:        0.000ns (DCD - SCD - CPR)
    Destination Clock Delay (DCD):    1.991ns
    Source Clock Delay      (SCD):    1.476ns
    Clock Pessimism Removal (CPR):    0.515ns

    Location             Delay type                Incr(ns)  Path(ns)    Netlist Resource(s)
  -------------------------------------------------------------------    -------------------
                         (clock sys_clk_pin rise edge)
                                                      0.000     0.000 r  
    W5                                                0.000     0.000 r  clk (IN)
                         net (fo=0)                   0.000     0.000    clk
    W5                   IBUF (Prop_ibuf_I_O)         0.226     0.226 r  clk_IBUF_inst/O
                         net (fo=1, routed)           0.631     0.858    clk_IBUF
    BUFGCTRL_X0Y0        BUFG (Prop_bufg_I_O)         0.026     0.884 r  clk_IBUF_BUFG_inst/O
                         net (fo=3, routed)           0.593     1.476    b_fa_3bit_count/two_bit_count/clk
    SLICE_X65Y93         FDCE                                         r  b_fa_3bit_count/two_bit_count/q_reg[0]/C
  -------------------------------------------------------------------    -------------------
    SLICE_X65Y93         FDCE (Prop_fdce_C_Q)         0.141     1.617 f  b_fa_3bit_count/two_bit_count/q_reg[0]/Q
                         net (fo=6, routed)           0.243     1.860    b_fa_3bit_count/two_bit_count/abc[0]
    SLICE_X65Y93         LUT1 (Prop_lut1_I0_O)        0.045     1.905 r  b_fa_3bit_count/two_bit_count/q[0]_i_1/O
                         net (fo=1, routed)           0.000     1.905    b_fa_3bit_count/two_bit_count/p_0_in[0]
    SLICE_X65Y93         FDCE                                         r  b_fa_3bit_count/two_bit_count/q_reg[0]/D
  -------------------------------------------------------------------    -------------------

                         (clock sys_clk_pin rise edge)
                                                      0.000     0.000 r  
    W5                                                0.000     0.000 r  clk (IN)
                         net (fo=0)                   0.000     0.000    clk
    W5                   IBUF (Prop_ibuf_I_O)         0.414     0.414 r  clk_IBUF_inst/O
                         net (fo=1, routed)           0.685     1.099    clk_IBUF
    BUFGCTRL_X0Y0        BUFG (Prop_bufg_I_O)         0.029     1.128 r  clk_IBUF_BUFG_inst/O
                         net (fo=3, routed)           0.863     1.991    b_fa_3bit_count/two_bit_count/clk
    SLICE_X65Y93         FDCE                                         r  b_fa_3bit_count/two_bit_count/q_reg[0]/C
                         clock pessimism             -0.515     1.476    
    SLICE_X65Y93         FDCE (Hold_fdce_C_D)         0.092     1.568    b_fa_3bit_count/two_bit_count/q_reg[0]
  -------------------------------------------------------------------
                         required time                         -1.568    
                         arrival time                           1.905    
  -------------------------------------------------------------------
                         slack                                  0.337    

Slack (MET) :             0.346ns  (arrival time - required time)
  Source:                 b_fa_3bit_count/two_bit_count/q_reg[0]/C
                            (rising edge-triggered cell FDCE clocked by sys_clk_pin  {rise@0.000ns fall@5.000ns period=10.000ns})
  Destination:            b_fa_3bit_count/two_bit_count/q_reg[1]/D
                            (rising edge-triggered cell FDCE clocked by sys_clk_pin  {rise@0.000ns fall@5.000ns period=10.000ns})
  Path Group:             sys_clk_pin
  Path Type:              Hold (Min at Fast Process Corner)
  Requirement:            0.000ns  (sys_clk_pin rise@0.000ns - sys_clk_pin rise@0.000ns)
  Data Path Delay:        0.437ns  (logic 0.186ns (42.547%)  route 0.251ns (57.453%))
  Logic Levels:           1  (LUT2=1)
  Clock Path Skew:        0.000ns (DCD - SCD - CPR)
    Destination Clock Delay (DCD):    1.991ns
    Source Clock Delay      (SCD):    1.476ns
    Clock Pessimism Removal (CPR):    0.515ns

    Location             Delay type                Incr(ns)  Path(ns)    Netlist Resource(s)
  -------------------------------------------------------------------    -------------------
                         (clock sys_clk_pin rise edge)
                                                      0.000     0.000 r  
    W5                                                0.000     0.000 r  clk (IN)
                         net (fo=0)                   0.000     0.000    clk
    W5                   IBUF (Prop_ibuf_I_O)         0.226     0.226 r  clk_IBUF_inst/O
                         net (fo=1, routed)           0.631     0.858    clk_IBUF
    BUFGCTRL_X0Y0        BUFG (Prop_bufg_I_O)         0.026     0.884 r  clk_IBUF_BUFG_inst/O
                         net (fo=3, routed)           0.593     1.476    b_fa_3bit_count/two_bit_count/clk
    SLICE_X65Y93         FDCE                                         r  b_fa_3bit_count/two_bit_count/q_reg[0]/C
  -------------------------------------------------------------------    -------------------
    SLICE_X65Y93         FDCE (Prop_fdce_C_Q)         0.141     1.617 r  b_fa_3bit_count/two_bit_count/q_reg[0]/Q
                         net (fo=6, routed)           0.251     1.868    b_fa_3bit_count/two_bit_count/abc[0]
    SLICE_X65Y93         LUT2 (Prop_lut2_I0_O)        0.045     1.913 r  b_fa_3bit_count/two_bit_count/q[1]_i_1/O
                         net (fo=1, routed)           0.000     1.913    b_fa_3bit_count/two_bit_count/p_0_in[1]
    SLICE_X65Y93         FDCE                                         r  b_fa_3bit_count/two_bit_count/q_reg[1]/D
  -------------------------------------------------------------------    -------------------

                         (clock sys_clk_pin rise edge)
                                                      0.000     0.000 r  
    W5                                                0.000     0.000 r  clk (IN)
                         net (fo=0)                   0.000     0.000    clk
    W5                   IBUF (Prop_ibuf_I_O)         0.414     0.414 r  clk_IBUF_inst/O
                         net (fo=1, routed)           0.685     1.099    clk_IBUF
    BUFGCTRL_X0Y0        BUFG (Prop_bufg_I_O)         0.029     1.128 r  clk_IBUF_BUFG_inst/O
                         net (fo=3, routed)           0.863     1.991    b_fa_3bit_count/two_bit_count/clk
    SLICE_X65Y93         FDCE                                         r  b_fa_3bit_count/two_bit_count/q_reg[1]/C
                         clock pessimism             -0.515     1.476    
    SLICE_X65Y93         FDCE (Hold_fdce_C_D)         0.091     1.567    b_fa_3bit_count/two_bit_count/q_reg[1]
  -------------------------------------------------------------------
                         required time                         -1.567    
                         arrival time                           1.913    
  -------------------------------------------------------------------
                         slack                                  0.346    





Pulse Width Checks
--------------------------------------------------------------------------------------
Clock Name:         sys_clk_pin
Waveform(ns):       { 0.000 5.000 }
Period(ns):         10.000
Sources:            { clk }

Check Type        Corner  Lib Pin  Reference Pin  Required(ns)  Actual(ns)  Slack(ns)  Location       Pin
Min Period        n/a     BUFG/I   n/a            2.155         10.000      7.845      BUFGCTRL_X0Y0  clk_IBUF_BUFG_inst/I
Min Period        n/a     FDCE/C   n/a            1.000         10.000      9.000      SLICE_X65Y93   b_fa_3bit_count/two_bit_count/q_reg[0]/C
Min Period        n/a     FDCE/C   n/a            1.000         10.000      9.000      SLICE_X65Y93   b_fa_3bit_count/two_bit_count/q_reg[1]/C
Min Period        n/a     FDCE/C   n/a            1.000         10.000      9.000      SLICE_X65Y93   b_fa_3bit_count/two_bit_count/q_reg[2]/C
Low Pulse Width   Slow    FDCE/C   n/a            0.500         5.000       4.500      SLICE_X65Y93   b_fa_3bit_count/two_bit_count/q_reg[0]/C
Low Pulse Width   Fast    FDCE/C   n/a            0.500         5.000       4.500      SLICE_X65Y93   b_fa_3bit_count/two_bit_count/q_reg[0]/C
Low Pulse Width   Slow    FDCE/C   n/a            0.500         5.000       4.500      SLICE_X65Y93   b_fa_3bit_count/two_bit_count/q_reg[1]/C
Low Pulse Width   Fast    FDCE/C   n/a            0.500         5.000       4.500      SLICE_X65Y93   b_fa_3bit_count/two_bit_count/q_reg[1]/C
Low Pulse Width   Slow    FDCE/C   n/a            0.500         5.000       4.500      SLICE_X65Y93   b_fa_3bit_count/two_bit_count/q_reg[2]/C
Low Pulse Width   Fast    FDCE/C   n/a            0.500         5.000       4.500      SLICE_X65Y93   b_fa_3bit_count/two_bit_count/q_reg[2]/C
High Pulse Width  Slow    FDCE/C   n/a            0.500         5.000       4.500      SLICE_X65Y93   b_fa_3bit_count/two_bit_count/q_reg[0]/C
High Pulse Width  Slow    FDCE/C   n/a            0.500         5.000       4.500      SLICE_X65Y93   b_fa_3bit_count/two_bit_count/q_reg[1]/C
High Pulse Width  Slow    FDCE/C   n/a            0.500         5.000       4.500      SLICE_X65Y93   b_fa_3bit_count/two_bit_count/q_reg[2]/C
High Pulse Width  Fast    FDCE/C   n/a            0.500         5.000       4.500      SLICE_X65Y93   b_fa_3bit_count/two_bit_count/q_reg[0]/C
High Pulse Width  Fast    FDCE/C   n/a            0.500         5.000       4.500      SLICE_X65Y93   b_fa_3bit_count/two_bit_count/q_reg[1]/C
High Pulse Width  Fast    FDCE/C   n/a            0.500         5.000       4.500      SLICE_X65Y93   b_fa_3bit_count/two_bit_count/q_reg[2]/C



