#-----------------------------------------------------------
# Vivado v2019.2 (64-bit)
# SW Build 2708876 on Wed Nov  6 21:40:23 MST 2019
# IP Build 2700528 on Thu Nov  7 00:09:20 MST 2019
# Start of session at: Thu Dec  8 13:57:39 2022
# Process ID: 14296
# Current directory: C:/Users/mbakst/Desktop/Lab 8/mulitiplier
# Command line: vivado.exe -gui_launcher_event rodinguilauncherevent10292 C:\Users\mbakst\Desktop\Lab 8\mulitiplier\mulitiplier.xpr
# Log file: C:/Users/mbakst/Desktop/Lab 8/mulitiplier/vivado.log
# Journal file: C:/Users/mbakst/Desktop/Lab 8/mulitiplier\vivado.jou
#-----------------------------------------------------------
start_gui
open_project {C:/Users/mbakst/Desktop/Lab 8/mulitiplier/mulitiplier.xpr}
Scanning sources...
Finished scanning sources
INFO: [IP_Flow 19-234] Refreshing IP repositories
INFO: [IP_Flow 19-1704] No user IP repositories specified
INFO: [IP_Flow 19-2313] Loaded Vivado IP repository 'C:/Xilinx/Vivado/2019.2/data/ip'.
update_compile_order -fileset sources_1
open_hw_manager
connect_hw_server -allow_non_jtag
INFO: [Labtools 27-2285] Connecting to hw_server url TCP:localhost:3121
INFO: [Labtools 27-2222] Launching hw_server...
INFO: [Labtools 27-2221] Launch Output:

****** Xilinx hw_server v2019.2
  **** Build date : Nov  6 2019 at 22:12:23
    ** Copyright 1986-2019 Xilinx, Inc. All Rights Reserved.


INFO: [Labtools 27-3415] Connecting to cs_server url TCP:localhost:3042
INFO: [Labtools 27-3417] Launching cs_server...
INFO: [Labtools 27-2221] Launch Output:


****** Xilinx cs_server v2019.2.0
  **** Build date : Nov 07 2019-00:28:22
    ** Copyright 2017-2019 Xilinx, Inc. All Rights Reserved.



connect_hw_server: Time (s): cpu = 00:00:01 ; elapsed = 00:00:06 . Memory (MB): peak = 939.871 ; gain = 0.000
open_hw_target
INFO: [Labtoolstcl 44-466] Opening hw_target localhost:3121/xilinx_tcf/Digilent/210183A8A74DA
current_hw_device [get_hw_devices xc7a35t_0]
refresh_hw_device -update_hw_probes false [lindex [get_hw_devices xc7a35t_0] 0]
INFO: [Labtools 27-1434] Device xc7a35t (JTAG device index = 0) is programmed with a design that has no supported debug core(s) in it.
set_property PROBES.FILE {} [get_hw_devices xc7a35t_0]
set_property FULL_PROBES.FILE {} [get_hw_devices xc7a35t_0]
set_property PROGRAM.FILE {E:/ENEE245 Verilog code/Lab 8/mulitiplier/mulitiplier.runs/synth_1/gen_run.xml} [get_hw_devices xc7a35t_0]
ERROR: [Labtools 27-3404] Incorrect program file format.  Please use: bit, rbt, or bin file.
create_hw_cfgmem -hw_device [lindex [get_hw_devices xc7a35t_0] 0] [lindex [get_cfgmem_parts {28f00am29ew-bpi-x16}] 0]
set_property PROGRAM.BLANK_CHECK  0 [ get_property PROGRAM.HW_CFGMEM [lindex [get_hw_devices xc7a35t_0] 0]]
set_property PROGRAM.ERASE  1 [ get_property PROGRAM.HW_CFGMEM [lindex [get_hw_devices xc7a35t_0] 0]]
set_property PROGRAM.CFG_PROGRAM  1 [ get_property PROGRAM.HW_CFGMEM [lindex [get_hw_devices xc7a35t_0] 0]]
set_property PROGRAM.VERIFY  1 [ get_property PROGRAM.HW_CFGMEM [lindex [get_hw_devices xc7a35t_0] 0]]
set_property PROGRAM.CHECKSUM  0 [ get_property PROGRAM.HW_CFGMEM [lindex [get_hw_devices xc7a35t_0] 0]]
refresh_hw_device [lindex [get_hw_devices xc7a35t_0] 0]
INFO: [Labtools 27-1434] Device xc7a35t (JTAG device index = 0) is programmed with a design that has no supported debug core(s) in it.
set_property PROBES.FILE {} [get_hw_devices xc7a35t_0]
set_property FULL_PROBES.FILE {} [get_hw_devices xc7a35t_0]
set_property PROGRAM.FILE {C:/Users/mbakst/Desktop/Lab 8/mulitiplier/mulitiplier.runs/impl_1/board_com_mult.bit} [get_hw_devices xc7a35t_0]
program_hw_devices [get_hw_devices xc7a35t_0]
INFO: [Labtools 27-3164] End of startup status: HIGH
refresh_hw_device [lindex [get_hw_devices xc7a35t_0] 0]
INFO: [Labtools 27-1434] Device xc7a35t (JTAG device index = 0) is programmed with a design that has no supported debug core(s) in it.
close_hw_manager
reset_run synth_1
launch_runs synth_1 -jobs 8
[Thu Dec  8 14:02:07 2022] Launched synth_1...
Run output will be captured here: C:/Users/mbakst/Desktop/Lab 8/mulitiplier/mulitiplier.runs/synth_1/runme.log
launch_runs: Time (s): cpu = 00:00:01 ; elapsed = 00:00:18 . Memory (MB): peak = 2167.055 ; gain = 4.336
launch_runs impl_1 -jobs 8
[Thu Dec  8 14:03:01 2022] Launched impl_1...
Run output will be captured here: C:/Users/mbakst/Desktop/Lab 8/mulitiplier/mulitiplier.runs/impl_1/runme.log
launch_runs: Time (s): cpu = 00:00:01 ; elapsed = 00:00:18 . Memory (MB): peak = 2167.055 ; gain = 0.000
launch_runs impl_1 -to_step write_bitstream -jobs 8
[Thu Dec  8 14:04:16 2022] Launched impl_1...
Run output will be captured here: C:/Users/mbakst/Desktop/Lab 8/mulitiplier/mulitiplier.runs/impl_1/runme.log
launch_runs: Time (s): cpu = 00:00:01 ; elapsed = 00:00:18 . Memory (MB): peak = 2167.055 ; gain = 0.000
open_hw_manager
connect_hw_server -allow_non_jtag
INFO: [Labtools 27-2285] Connecting to hw_server url TCP:localhost:3121
INFO: [Labtools 27-2222] Launching hw_server...
INFO: [Labtools 27-2221] Launch Output:

****** Xilinx hw_server v2019.2
  **** Build date : Nov  6 2019 at 22:12:23
    ** Copyright 1986-2019 Xilinx, Inc. All Rights Reserved.


INFO: [Labtools 27-3415] Connecting to cs_server url TCP:localhost:3042
INFO: [Labtools 27-3417] Launching cs_server...
INFO: [Labtools 27-2221] Launch Output:


****** Xilinx cs_server v2019.2.0
  **** Build date : Nov 07 2019-00:28:22
    ** Copyright 2017-2019 Xilinx, Inc. All Rights Reserved.



connect_hw_server: Time (s): cpu = 00:00:00 ; elapsed = 00:00:06 . Memory (MB): peak = 2167.055 ; gain = 0.000
open_hw_target
INFO: [Labtoolstcl 44-466] Opening hw_target localhost:3121/xilinx_tcf/Digilent/210183A8A74DA
set_property PROGRAM.FILE {C:/Users/mbakst/Desktop/Lab 8/mulitiplier/mulitiplier.runs/impl_1/board_com_mult.bit} [get_hw_devices xc7a35t_0]
current_hw_device [get_hw_devices xc7a35t_0]
refresh_hw_device -update_hw_probes false [lindex [get_hw_devices xc7a35t_0] 0]
INFO: [Labtools 27-1434] Device xc7a35t (JTAG device index = 0) is programmed with a design that has no supported debug core(s) in it.
create_hw_cfgmem -hw_device [get_hw_devices xc7a35t_0] -mem_dev [lindex [get_cfgmem_parts {28f00am29ew-bpi-x16}] 0]
set_property PROBES.FILE {} [get_hw_devices xc7a35t_0]
set_property FULL_PROBES.FILE {} [get_hw_devices xc7a35t_0]
set_property PROGRAM.FILE {C:/Users/mbakst/Desktop/Lab 8/mulitiplier/mulitiplier.runs/impl_1/board_com_mult.bit} [get_hw_devices xc7a35t_0]
program_hw_devices [get_hw_devices xc7a35t_0]
INFO: [Labtools 27-3164] End of startup status: HIGH
refresh_hw_device [lindex [get_hw_devices xc7a35t_0] 0]
INFO: [Labtools 27-1434] Device xc7a35t (JTAG device index = 0) is programmed with a design that has no supported debug core(s) in it.
close_hw_manager
reset_run synth_1
launch_runs synth_1 -jobs 8
[Thu Dec  8 14:07:28 2022] Launched synth_1...
Run output will be captured here: C:/Users/mbakst/Desktop/Lab 8/mulitiplier/mulitiplier.runs/synth_1/runme.log
launch_runs: Time (s): cpu = 00:00:01 ; elapsed = 00:00:18 . Memory (MB): peak = 2179.336 ; gain = 0.000
launch_runs impl_1 -jobs 8
[Thu Dec  8 14:08:08 2022] Launched impl_1...
Run output will be captured here: C:/Users/mbakst/Desktop/Lab 8/mulitiplier/mulitiplier.runs/impl_1/runme.log
launch_runs: Time (s): cpu = 00:00:00 ; elapsed = 00:00:18 . Memory (MB): peak = 2179.336 ; gain = 0.000
launch_runs impl_1 -to_step write_bitstream -jobs 8
[Thu Dec  8 14:09:28 2022] Launched impl_1...
Run output will be captured here: C:/Users/mbakst/Desktop/Lab 8/mulitiplier/mulitiplier.runs/impl_1/runme.log
launch_runs: Time (s): cpu = 00:00:01 ; elapsed = 00:00:18 . Memory (MB): peak = 2179.336 ; gain = 0.000
open_hw_manager
connect_hw_server -allow_non_jtag
INFO: [Labtools 27-2285] Connecting to hw_server url TCP:localhost:3121
INFO: [Labtools 27-2222] Launching hw_server...
INFO: [Labtools 27-2221] Launch Output:

****** Xilinx hw_server v2019.2
  **** Build date : Nov  6 2019 at 22:12:23
    ** Copyright 1986-2019 Xilinx, Inc. All Rights Reserved.


INFO: [Labtools 27-3415] Connecting to cs_server url TCP:localhost:3042
INFO: [Labtools 27-3417] Launching cs_server...
INFO: [Labtools 27-2221] Launch Output:


****** Xilinx cs_server v2019.2.0
  **** Build date : Nov 07 2019-00:28:22
    ** Copyright 2017-2019 Xilinx, Inc. All Rights Reserved.



connect_hw_server: Time (s): cpu = 00:00:00 ; elapsed = 00:00:06 . Memory (MB): peak = 2179.336 ; gain = 0.000
open_hw_target
INFO: [Labtoolstcl 44-466] Opening hw_target localhost:3121/xilinx_tcf/Digilent/210183A8A74DA
set_property PROGRAM.FILE {C:/Users/mbakst/Desktop/Lab 8/mulitiplier/mulitiplier.runs/impl_1/board_com_mult.bit} [get_hw_devices xc7a35t_0]
current_hw_device [get_hw_devices xc7a35t_0]
refresh_hw_device -update_hw_probes false [lindex [get_hw_devices xc7a35t_0] 0]
INFO: [Labtools 27-1434] Device xc7a35t (JTAG device index = 0) is programmed with a design that has no supported debug core(s) in it.
create_hw_cfgmem -hw_device [get_hw_devices xc7a35t_0] -mem_dev [lindex [get_cfgmem_parts {28f00am29ew-bpi-x16}] 0]
set_property PROBES.FILE {} [get_hw_devices xc7a35t_0]
set_property FULL_PROBES.FILE {} [get_hw_devices xc7a35t_0]
set_property PROGRAM.FILE {C:/Users/mbakst/Desktop/Lab 8/mulitiplier/mulitiplier.runs/impl_1/board_com_mult.bit} [get_hw_devices xc7a35t_0]
program_hw_devices [get_hw_devices xc7a35t_0]
INFO: [Labtools 27-3164] End of startup status: HIGH
refresh_hw_device [lindex [get_hw_devices xc7a35t_0] 0]
INFO: [Labtools 27-1434] Device xc7a35t (JTAG device index = 0) is programmed with a design that has no supported debug core(s) in it.
close_hw_manager
reset_run synth_1
update_compile_order -fileset sources_1
launch_runs synth_1 -jobs 8
[Thu Dec  8 14:12:08 2022] Launched synth_1...
Run output will be captured here: C:/Users/mbakst/Desktop/Lab 8/mulitiplier/mulitiplier.runs/synth_1/runme.log
launch_runs: Time (s): cpu = 00:00:01 ; elapsed = 00:00:18 . Memory (MB): peak = 2183.480 ; gain = 0.000
launch_simulation
Command: launch_simulation 
INFO: [Vivado 12-5682] Launching behavioral simulation in 'C:/Users/mbakst/Desktop/Lab 8/mulitiplier/mulitiplier.sim/sim_1/behav/xsim'
INFO: [SIM-utils-51] Simulation object is 'sim_1'
INFO: [SIM-utils-54] Inspecting design source files for 'TB_booth' in fileset 'sim_1'...
INFO: [USF-XSim-97] Finding global include files...
INFO: [USF-XSim-98] Fetching design files from 'sim_1'...
INFO: [USF-XSim-2] XSim::Compile design
INFO: [USF-XSim-61] Executing 'COMPILE and ANALYZE' step in 'C:/Users/mbakst/Desktop/Lab 8/mulitiplier/mulitiplier.sim/sim_1/behav/xsim'
"xvlog --incr --relax -prj TB_booth_vlog.prj"
INFO: [VRFC 10-2263] Analyzing Verilog file "C:/Users/mbakst/Desktop/Lab 8/mulitiplier/mulitiplier.srcs/sources_1/new/booth_mult.v" into library xil_defaultlib
INFO: [VRFC 10-311] analyzing module booth_mult
INFO: [VRFC 10-2263] Analyzing Verilog file "C:/Users/mbakst/Desktop/Lab 8/mulitiplier/mulitiplier.srcs/sim_1/new/TB_booth.v" into library xil_defaultlib
INFO: [VRFC 10-311] analyzing module TB_booth
INFO: [USF-XSim-69] 'compile' step finished in '1' seconds
INFO: [USF-XSim-3] XSim::Elaborate design
INFO: [USF-XSim-61] Executing 'ELABORATE' step in 'C:/Users/mbakst/Desktop/Lab 8/mulitiplier/mulitiplier.sim/sim_1/behav/xsim'
"xelab -wto 261905fa66144b55828cfc8e9d633356 --incr --debug typical --relax --mt 2 -L xil_defaultlib -L unisims_ver -L unimacro_ver -L secureip --snapshot TB_booth_behav xil_defaultlib.TB_booth xil_defaultlib.glbl -log elaborate.log"
Vivado Simulator 2019.2
Copyright 1986-1999, 2001-2019 Xilinx, Inc. All Rights Reserved.
Running: C:/Xilinx/Vivado/2019.2/bin/unwrapped/win64.o/xelab.exe -wto 261905fa66144b55828cfc8e9d633356 --incr --debug typical --relax --mt 2 -L xil_defaultlib -L unisims_ver -L unimacro_ver -L secureip --snapshot TB_booth_behav xil_defaultlib.TB_booth xil_defaultlib.glbl -log elaborate.log 
Using 2 slave threads.
Starting static elaboration
Pass Through NonSizing Optimizer
ERROR: [VRFC 10-3180] cannot find port 'contrib' on this module [C:/Users/mbakst/Desktop/Lab 8/mulitiplier/mulitiplier.srcs/sim_1/new/TB_booth.v:16]
ERROR: [VRFC 10-3180] cannot find port 'add' on this module [C:/Users/mbakst/Desktop/Lab 8/mulitiplier/mulitiplier.srcs/sim_1/new/TB_booth.v:15]
ERROR: [XSIM 43-3322] Static elaboration of top level Verilog design unit(s) in library work failed.
INFO: [USF-XSim-69] 'elaborate' step finished in '1' seconds
INFO: [USF-XSim-99] Step results log file:'C:/Users/mbakst/Desktop/Lab 8/mulitiplier/mulitiplier.sim/sim_1/behav/xsim/elaborate.log'
ERROR: [USF-XSim-62] 'elaborate' step failed with error(s). Please check the Tcl console output or 'C:/Users/mbakst/Desktop/Lab 8/mulitiplier/mulitiplier.sim/sim_1/behav/xsim/elaborate.log' file for more information.
ERROR: [Vivado 12-4473] Detected error while running simulation. Please correct the issue and retry this operation.
ERROR: [Common 17-39] 'launch_simulation' failed due to earlier errors.
set_property SOURCE_SET sources_1 [get_filesets sim_1]
close [ open {C:/Users/mbakst/Desktop/Lab 8/mulitiplier/mulitiplier.srcs/sim_1/new/TB_com_arr_mult.v} w ]
add_files -fileset sim_1 {{C:/Users/mbakst/Desktop/Lab 8/mulitiplier/mulitiplier.srcs/sim_1/new/TB_com_arr_mult.v}}
update_compile_order -fileset sim_1
set_property top TB_com_arr_mult [get_filesets sim_1]
set_property top_lib xil_defaultlib [get_filesets sim_1]
update_compile_order -fileset sim_1
launch_simulation
Command: launch_simulation 
INFO: [Vivado 12-5682] Launching behavioral simulation in 'C:/Users/mbakst/Desktop/Lab 8/mulitiplier/mulitiplier.sim/sim_1/behav/xsim'
INFO: [SIM-utils-51] Simulation object is 'sim_1'
INFO: [SIM-utils-54] Inspecting design source files for 'TB_com_arr_mult' in fileset 'sim_1'...
INFO: [USF-XSim-97] Finding global include files...
INFO: [USF-XSim-98] Fetching design files from 'sim_1'...
INFO: [USF-XSim-2] XSim::Compile design
INFO: [USF-XSim-61] Executing 'COMPILE and ANALYZE' step in 'C:/Users/mbakst/Desktop/Lab 8/mulitiplier/mulitiplier.sim/sim_1/behav/xsim'
"xvlog --incr --relax -prj TB_com_arr_mult_vlog.prj"
INFO: [VRFC 10-2263] Analyzing Verilog file "C:/Users/mbakst/Desktop/Lab 8/mulitiplier/mulitiplier.srcs/sources_1/new/array_block.v" into library xil_defaultlib
INFO: [VRFC 10-311] analyzing module array_block
INFO: [VRFC 10-2263] Analyzing Verilog file "C:/Users/mbakst/Desktop/Lab 8/mulitiplier/mulitiplier.srcs/sources_1/new/array_com_mult.v" into library xil_defaultlib
INFO: [VRFC 10-311] analyzing module array_com_mult
WARNING: [VRFC 10-2654] begin/end is required for generate-for in this mode of verilog [C:/Users/mbakst/Desktop/Lab 8/mulitiplier/mulitiplier.srcs/sources_1/new/array_com_mult.v:17]
INFO: [VRFC 10-2263] Analyzing Verilog file "C:/Users/mbakst/Desktop/Lab 8/mulitiplier/mulitiplier.srcs/sources_1/imports/ripple_carry_add/ripple_carry_add.srcs/sources_1/imports/sources_1/new/full_add.v" into library xil_defaultlib
INFO: [VRFC 10-311] analyzing module full_add
INFO: [VRFC 10-2263] Analyzing Verilog file "C:/Users/mbakst/Desktop/Lab 8/mulitiplier/mulitiplier.srcs/sources_1/imports/ripple_carry_add/ripple_carry_add.srcs/sources_1/imports/sources_1/imports/new/half_add.v" into library xil_defaultlib
INFO: [VRFC 10-311] analyzing module half_add
INFO: [VRFC 10-2263] Analyzing Verilog file "C:/Users/mbakst/Desktop/Lab 8/mulitiplier/mulitiplier.srcs/sim_1/new/TB_com_arr_mult.v" into library xil_defaultlib
INFO: [VRFC 10-311] analyzing module TB_com_arr_mult
INFO: [USF-XSim-69] 'compile' step finished in '1' seconds
INFO: [USF-XSim-3] XSim::Elaborate design
INFO: [USF-XSim-61] Executing 'ELABORATE' step in 'C:/Users/mbakst/Desktop/Lab 8/mulitiplier/mulitiplier.sim/sim_1/behav/xsim'
"xelab -wto 261905fa66144b55828cfc8e9d633356 --incr --debug typical --relax --mt 2 -L xil_defaultlib -L unisims_ver -L unimacro_ver -L secureip --snapshot TB_com_arr_mult_behav xil_defaultlib.TB_com_arr_mult xil_defaultlib.glbl -log elaborate.log"
Vivado Simulator 2019.2
Copyright 1986-1999, 2001-2019 Xilinx, Inc. All Rights Reserved.
Running: C:/Xilinx/Vivado/2019.2/bin/unwrapped/win64.o/xelab.exe -wto 261905fa66144b55828cfc8e9d633356 --incr --debug typical --relax --mt 2 -L xil_defaultlib -L unisims_ver -L unimacro_ver -L secureip --snapshot TB_com_arr_mult_behav xil_defaultlib.TB_com_arr_mult xil_defaultlib.glbl -log elaborate.log 
Using 2 slave threads.
Starting static elaboration
Pass Through NonSizing Optimizer
Completed static elaboration
Starting simulation data flow analysis
Completed simulation data flow analysis
Time Resolution for simulation is 1ps
Compiling module xil_defaultlib.half_add
Compiling module xil_defaultlib.full_add
Compiling module xil_defaultlib.array_block
Compiling module xil_defaultlib.array_com_mult_default
Compiling module xil_defaultlib.TB_com_arr_mult
Compiling module xil_defaultlib.glbl
Built simulation snapshot TB_com_arr_mult_behav

****** Webtalk v2019.2 (64-bit)
  **** SW Build 2708876 on Wed Nov  6 21:40:23 MST 2019
  **** IP Build 2700528 on Thu Nov  7 00:09:20 MST 2019
    ** Copyright 1986-2019 Xilinx, Inc. All Rights Reserved.

source C:/Users/mbakst/Desktop/Lab -notrace
invalid command name "%"
    while executing
"% Total    % Received % Xferd  Average Speed   Time    Time     Time  Current"
    (file "C:/Users/mbakst/Desktop/Lab" line 1)
INFO: [Common 17-206] Exiting Webtalk at Thu Dec  8 14:15:18 2022...
run_program: Time (s): cpu = 00:00:00 ; elapsed = 00:00:08 . Memory (MB): peak = 2185.691 ; gain = 0.000
INFO: [USF-XSim-69] 'elaborate' step finished in '8' seconds
INFO: [USF-XSim-4] XSim::Simulate design
INFO: [USF-XSim-61] Executing 'SIMULATE' step in 'C:/Users/mbakst/Desktop/Lab 8/mulitiplier/mulitiplier.sim/sim_1/behav/xsim'
INFO: [USF-XSim-98] *** Running xsim
   with args "TB_com_arr_mult_behav -key {Behavioral:sim_1:Functional:TB_com_arr_mult} -tclbatch {TB_com_arr_mult.tcl} -log {simulate.log}"
INFO: [USF-XSim-8] Loading simulator feature
Vivado Simulator 2019.2
Time resolution is 1 ps
source TB_com_arr_mult.tcl
# set curr_wave [current_wave_config]
# if { [string length $curr_wave] == 0 } {
#   if { [llength [get_objects]] > 0} {
#     add_wave /
#     set_property needs_save false [current_wave_config]
#   } else {
#      send_msg_id Add_Wave-1 WARNING "No top level signals found. Simulator will start without a wave window. If you want to open a wave window go to 'File->New Waveform Configuration' or type 'create_wave_config' in the TCL console."
#   }
# }
# run 1000ns
INFO: [USF-XSim-96] XSim completed. Design snapshot 'TB_com_arr_mult_behav' loaded.
INFO: [USF-XSim-97] XSim simulation ran for 1000ns
launch_simulation: Time (s): cpu = 00:00:05 ; elapsed = 00:00:12 . Memory (MB): peak = 2251.504 ; gain = 65.812
update_compile_order -fileset sources_1
reset_run synth_1
WARNING: [Vivado 12-1017] Problems encountered:
1. Failed to delete one or more files in run directory C:/Users/mbakst/Desktop/Lab 8/mulitiplier/mulitiplier.runs/synth_1

launch_runs synth_1 -jobs 8
[Thu Dec  8 14:23:14 2022] Launched synth_1...
Run output will be captured here: C:/Users/mbakst/Desktop/Lab 8/mulitiplier/mulitiplier.runs/synth_1/runme.log
launch_runs: Time (s): cpu = 00:00:00 ; elapsed = 00:00:18 . Memory (MB): peak = 2255.543 ; gain = 0.109
launch_runs impl_1 -jobs 8
[Thu Dec  8 14:24:13 2022] Launched impl_1...
Run output will be captured here: C:/Users/mbakst/Desktop/Lab 8/mulitiplier/mulitiplier.runs/impl_1/runme.log
launch_runs: Time (s): cpu = 00:00:00 ; elapsed = 00:00:18 . Memory (MB): peak = 2255.723 ; gain = 0.180
launch_runs impl_1 -to_step write_bitstream -jobs 8
[Thu Dec  8 14:25:52 2022] Launched impl_1...
Run output will be captured here: C:/Users/mbakst/Desktop/Lab 8/mulitiplier/mulitiplier.runs/impl_1/runme.log
launch_runs: Time (s): cpu = 00:00:01 ; elapsed = 00:00:18 . Memory (MB): peak = 2255.953 ; gain = 0.176
open_hw_manager
connect_hw_server -allow_non_jtag
INFO: [Labtools 27-2285] Connecting to hw_server url TCP:localhost:3121
INFO: [Labtools 27-2222] Launching hw_server...
INFO: [Labtools 27-2221] Launch Output:

****** Xilinx hw_server v2019.2
  **** Build date : Nov  6 2019 at 22:12:23
    ** Copyright 1986-2019 Xilinx, Inc. All Rights Reserved.


INFO: [Labtools 27-3415] Connecting to cs_server url TCP:localhost:3042
INFO: [Labtools 27-3417] Launching cs_server...
INFO: [Labtools 27-2221] Launch Output:


****** Xilinx cs_server v2019.2.0
  **** Build date : Nov 07 2019-00:28:22
    ** Copyright 2017-2019 Xilinx, Inc. All Rights Reserved.



connect_hw_server: Time (s): cpu = 00:00:00 ; elapsed = 00:00:06 . Memory (MB): peak = 2255.953 ; gain = 0.000
open_hw_target
INFO: [Labtoolstcl 44-466] Opening hw_target localhost:3121/xilinx_tcf/Digilent/210183A8A74DA
set_property PROGRAM.FILE {C:/Users/mbakst/Desktop/Lab 8/mulitiplier/mulitiplier.runs/impl_1/board_com_mult.bit} [get_hw_devices xc7a35t_0]
current_hw_device [get_hw_devices xc7a35t_0]
refresh_hw_device -update_hw_probes false [lindex [get_hw_devices xc7a35t_0] 0]
INFO: [Labtools 27-1434] Device xc7a35t (JTAG device index = 0) is programmed with a design that has no supported debug core(s) in it.
create_hw_cfgmem -hw_device [get_hw_devices xc7a35t_0] -mem_dev [lindex [get_cfgmem_parts {28f00am29ew-bpi-x16}] 0]
set_property PROBES.FILE {} [get_hw_devices xc7a35t_0]
set_property FULL_PROBES.FILE {} [get_hw_devices xc7a35t_0]
set_property PROGRAM.FILE {C:/Users/mbakst/Desktop/Lab 8/mulitiplier/mulitiplier.runs/impl_1/board_com_mult.bit} [get_hw_devices xc7a35t_0]
program_hw_devices [get_hw_devices xc7a35t_0]
INFO: [Labtools 27-3164] End of startup status: HIGH
refresh_hw_device [lindex [get_hw_devices xc7a35t_0] 0]
INFO: [Labtools 27-1434] Device xc7a35t (JTAG device index = 0) is programmed with a design that has no supported debug core(s) in it.
close_hw_manager
import_files -norecurse {{E:/ENEE245 Verilog code/Lab 7/ripple_carry_add/ripple_carry_add.srcs/sources_1/new/add_delays.v}}
close [ open {C:/Users/mbakst/Desktop/Lab 8/mulitiplier/mulitiplier.srcs/sources_1/new/multipliers_delays.v} w ]
add_files {{C:/Users/mbakst/Desktop/Lab 8/mulitiplier/mulitiplier.srcs/sources_1/new/multipliers_delays.v}}
update_compile_order -fileset sources_1
export_ip_user_files -of_objects  [get_files {{C:/Users/mbakst/Desktop/Lab 8/mulitiplier/mulitiplier.srcs/sources_1/imports/new/add_delays.v}}] -no_script -reset -force -quiet
remove_files  {{C:/Users/mbakst/Desktop/Lab 8/mulitiplier/mulitiplier.srcs/sources_1/imports/new/add_delays.v}}
reset_run synth_1
WARNING: [Vivado 12-1017] Problems encountered:
1. Failed to delete one or more files in run directory C:/Users/mbakst/Desktop/Lab 8/mulitiplier/mulitiplier.runs/synth_1

launch_runs synth_1 -jobs 8
[Thu Dec  8 14:41:24 2022] Launched synth_1...
Run output will be captured here: C:/Users/mbakst/Desktop/Lab 8/mulitiplier/mulitiplier.runs/synth_1/runme.log
launch_runs: Time (s): cpu = 00:00:00 ; elapsed = 00:00:19 . Memory (MB): peak = 2393.398 ; gain = 0.000
set_property is_enabled false [get_files  {{C:/Users/mbakst/Desktop/Lab 8/mulitiplier/mulitiplier.srcs/constrs_1/imports/new/7seg.xdc}}]
set_property is_enabled true [get_files  {{C:/Users/mbakst/Desktop/Lab 8/mulitiplier/mulitiplier.srcs/constrs_1/imports/new/pmod.xdc}}]
reset_run synth_1
WARNING: [Vivado 12-1017] Problems encountered:
1. Failed to delete one or more files in run directory C:/Users/mbakst/Desktop/Lab 8/mulitiplier/mulitiplier.runs/synth_1

launch_runs synth_1 -jobs 8
[Thu Dec  8 14:42:28 2022] Launched synth_1...
Run output will be captured here: C:/Users/mbakst/Desktop/Lab 8/mulitiplier/mulitiplier.runs/synth_1/runme.log
launch_runs: Time (s): cpu = 00:00:01 ; elapsed = 00:00:18 . Memory (MB): peak = 2393.398 ; gain = 0.000
launch_runs impl_1 -jobs 8
[Thu Dec  8 14:43:39 2022] Launched impl_1...
Run output will be captured here: C:/Users/mbakst/Desktop/Lab 8/mulitiplier/mulitiplier.runs/impl_1/runme.log
launch_runs: Time (s): cpu = 00:00:00 ; elapsed = 00:00:18 . Memory (MB): peak = 2393.398 ; gain = 0.000
launch_runs impl_1 -to_step write_bitstream -jobs 8
[Thu Dec  8 14:44:51 2022] Launched impl_1...
Run output will be captured here: C:/Users/mbakst/Desktop/Lab 8/mulitiplier/mulitiplier.runs/impl_1/runme.log
launch_runs: Time (s): cpu = 00:00:00 ; elapsed = 00:00:18 . Memory (MB): peak = 2393.398 ; gain = 0.000
reset_run impl_1 -prev_step 
launch_runs impl_1 -to_step write_bitstream -jobs 8
[Thu Dec  8 14:47:02 2022] Launched impl_1...
Run output will be captured here: C:/Users/mbakst/Desktop/Lab 8/mulitiplier/mulitiplier.runs/impl_1/runme.log
launch_runs: Time (s): cpu = 00:00:01 ; elapsed = 00:00:18 . Memory (MB): peak = 2393.398 ; gain = 0.000
reset_run synth_1
WARNING: [Vivado 12-1017] Problems encountered:
1. Failed to delete one or more files in run directory C:/Users/mbakst/Desktop/Lab 8/mulitiplier/mulitiplier.runs/synth_1

launch_runs synth_1 -jobs 8
[Thu Dec  8 14:50:55 2022] Launched synth_1...
Run output will be captured here: C:/Users/mbakst/Desktop/Lab 8/mulitiplier/mulitiplier.runs/synth_1/runme.log
launch_runs: Time (s): cpu = 00:00:00 ; elapsed = 00:00:18 . Memory (MB): peak = 2393.398 ; gain = 0.000
launch_runs impl_1 -jobs 8
[Thu Dec  8 14:51:55 2022] Launched impl_1...
Run output will be captured here: C:/Users/mbakst/Desktop/Lab 8/mulitiplier/mulitiplier.runs/impl_1/runme.log
launch_runs: Time (s): cpu = 00:00:00 ; elapsed = 00:00:18 . Memory (MB): peak = 2393.398 ; gain = 0.000
launch_runs impl_1 -to_step write_bitstream -jobs 8
[Thu Dec  8 14:53:57 2022] Launched impl_1...
Run output will be captured here: C:/Users/mbakst/Desktop/Lab 8/mulitiplier/mulitiplier.runs/impl_1/runme.log
launch_runs: Time (s): cpu = 00:00:01 ; elapsed = 00:00:18 . Memory (MB): peak = 2393.398 ; gain = 0.000
set_property top array_com_mult [current_fileset]
update_compile_order -fileset sources_1
reset_run synth_1
WARNING: [Vivado 12-1017] Problems encountered:
1. Failed to delete one or more files in run directory C:/Users/mbakst/Desktop/Lab 8/mulitiplier/mulitiplier.runs/synth_1

launch_runs synth_1 -jobs 8
[Thu Dec  8 14:55:30 2022] Launched synth_1...
Run output will be captured here: C:/Users/mbakst/Desktop/Lab 8/mulitiplier/mulitiplier.runs/synth_1/runme.log
launch_runs: Time (s): cpu = 00:00:01 ; elapsed = 00:00:18 . Memory (MB): peak = 2393.398 ; gain = 0.000
launch_runs impl_1 -jobs 8
[Thu Dec  8 14:56:22 2022] Launched impl_1...
Run output will be captured here: C:/Users/mbakst/Desktop/Lab 8/mulitiplier/mulitiplier.runs/impl_1/runme.log
launch_runs: Time (s): cpu = 00:00:00 ; elapsed = 00:00:18 . Memory (MB): peak = 2393.398 ; gain = 0.000
launch_runs impl_1 -to_step write_bitstream -jobs 8
[Thu Dec  8 14:57:41 2022] Launched impl_1...
Run output will be captured here: C:/Users/mbakst/Desktop/Lab 8/mulitiplier/mulitiplier.runs/impl_1/runme.log
launch_runs: Time (s): cpu = 00:00:00 ; elapsed = 00:00:18 . Memory (MB): peak = 2393.398 ; gain = 0.000
set_property top multipliers_delays [current_fileset]
update_compile_order -fileset sources_1
close [ open {C:/Users/mbakst/Desktop/Lab 8/mulitiplier/mulitiplier.srcs/sources_1/new/array_row.v} w ]
add_files {{C:/Users/mbakst/Desktop/Lab 8/mulitiplier/mulitiplier.srcs/sources_1/new/array_row.v}}
update_compile_order -fileset sources_1
close_sim
INFO: [Simtcl 6-16] Simulation closed
close_sim: Time (s): cpu = 00:00:01 ; elapsed = 00:00:08 . Memory (MB): peak = 2393.398 ; gain = 0.000
launch_simulation
Command: launch_simulation 
INFO: [Vivado 12-5682] Launching behavioral simulation in 'C:/Users/mbakst/Desktop/Lab 8/mulitiplier/mulitiplier.sim/sim_1/behav/xsim'
INFO: [SIM-utils-51] Simulation object is 'sim_1'
INFO: [SIM-utils-54] Inspecting design source files for 'TB_com_arr_mult' in fileset 'sim_1'...
INFO: [USF-XSim-97] Finding global include files...
INFO: [USF-XSim-98] Fetching design files from 'sim_1'...
INFO: [USF-XSim-2] XSim::Compile design
INFO: [USF-XSim-61] Executing 'COMPILE and ANALYZE' step in 'C:/Users/mbakst/Desktop/Lab 8/mulitiplier/mulitiplier.sim/sim_1/behav/xsim'
"xvlog --incr --relax -prj TB_com_arr_mult_vlog.prj"
INFO: [VRFC 10-2263] Analyzing Verilog file "C:/Users/mbakst/Desktop/Lab 8/mulitiplier/mulitiplier.srcs/sources_1/new/array_block.v" into library xil_defaultlib
INFO: [VRFC 10-311] analyzing module array_block
INFO: [VRFC 10-2263] Analyzing Verilog file "C:/Users/mbakst/Desktop/Lab 8/mulitiplier/mulitiplier.srcs/sources_1/new/array_com_mult.v" into library xil_defaultlib
INFO: [VRFC 10-311] analyzing module array_com_mult
INFO: [VRFC 10-2263] Analyzing Verilog file "C:/Users/mbakst/Desktop/Lab 8/mulitiplier/mulitiplier.srcs/sources_1/new/array_row.v" into library xil_defaultlib
INFO: [VRFC 10-311] analyzing module array_row
INFO: [VRFC 10-2263] Analyzing Verilog file "C:/Users/mbakst/Desktop/Lab 8/mulitiplier/mulitiplier.srcs/sources_1/imports/ripple_carry_add/ripple_carry_add.srcs/sources_1/imports/sources_1/new/full_add.v" into library xil_defaultlib
INFO: [VRFC 10-311] analyzing module full_add
INFO: [VRFC 10-2263] Analyzing Verilog file "C:/Users/mbakst/Desktop/Lab 8/mulitiplier/mulitiplier.srcs/sources_1/imports/ripple_carry_add/ripple_carry_add.srcs/sources_1/imports/sources_1/imports/new/half_add.v" into library xil_defaultlib
INFO: [VRFC 10-311] analyzing module half_add
INFO: [VRFC 10-2263] Analyzing Verilog file "C:/Users/mbakst/Desktop/Lab 8/mulitiplier/mulitiplier.srcs/sim_1/new/TB_com_arr_mult.v" into library xil_defaultlib
INFO: [VRFC 10-311] analyzing module TB_com_arr_mult
INFO: [USF-XSim-69] 'compile' step finished in '1' seconds
INFO: [USF-XSim-3] XSim::Elaborate design
INFO: [USF-XSim-61] Executing 'ELABORATE' step in 'C:/Users/mbakst/Desktop/Lab 8/mulitiplier/mulitiplier.sim/sim_1/behav/xsim'
"xelab -wto 261905fa66144b55828cfc8e9d633356 --incr --debug typical --relax --mt 2 -L xil_defaultlib -L unisims_ver -L unimacro_ver -L secureip --snapshot TB_com_arr_mult_behav xil_defaultlib.TB_com_arr_mult xil_defaultlib.glbl -log elaborate.log"
Vivado Simulator 2019.2
Copyright 1986-1999, 2001-2019 Xilinx, Inc. All Rights Reserved.
Running: C:/Xilinx/Vivado/2019.2/bin/unwrapped/win64.o/xelab.exe -wto 261905fa66144b55828cfc8e9d633356 --incr --debug typical --relax --mt 2 -L xil_defaultlib -L unisims_ver -L unimacro_ver -L secureip --snapshot TB_com_arr_mult_behav xil_defaultlib.TB_com_arr_mult xil_defaultlib.glbl -log elaborate.log 
Using 2 slave threads.
Starting static elaboration
Pass Through NonSizing Optimizer
WARNING: [VRFC 10-3091] actual bit length 4 differs from formal bit length 5 for port 'sum_out' [C:/Users/mbakst/Desktop/Lab 8/mulitiplier/mulitiplier.srcs/sources_1/new/array_com_mult.v:22]
Completed static elaboration
Starting simulation data flow analysis
Completed simulation data flow analysis
Time Resolution for simulation is 1ps
Compiling module xil_defaultlib.half_add
Compiling module xil_defaultlib.full_add
Compiling module xil_defaultlib.array_block
Compiling module xil_defaultlib.array_row_default
Compiling module xil_defaultlib.array_com_mult_default
Compiling module xil_defaultlib.TB_com_arr_mult
Compiling module xil_defaultlib.glbl
Built simulation snapshot TB_com_arr_mult_behav
run_program: Time (s): cpu = 00:00:00 ; elapsed = 00:00:07 . Memory (MB): peak = 2393.398 ; gain = 0.000
INFO: [USF-XSim-69] 'elaborate' step finished in '8' seconds
INFO: [USF-XSim-4] XSim::Simulate design
INFO: [USF-XSim-61] Executing 'SIMULATE' step in 'C:/Users/mbakst/Desktop/Lab 8/mulitiplier/mulitiplier.sim/sim_1/behav/xsim'
INFO: [USF-XSim-98] *** Running xsim
   with args "TB_com_arr_mult_behav -key {Behavioral:sim_1:Functional:TB_com_arr_mult} -tclbatch {TB_com_arr_mult.tcl} -log {simulate.log}"
INFO: [USF-XSim-8] Loading simulator feature
Vivado Simulator 2019.2
Time resolution is 1 ps
source TB_com_arr_mult.tcl
# set curr_wave [current_wave_config]
# if { [string length $curr_wave] == 0 } {
#   if { [llength [get_objects]] > 0} {
#     add_wave /
#     set_property needs_save false [current_wave_config]
#   } else {
#      send_msg_id Add_Wave-1 WARNING "No top level signals found. Simulator will start without a wave window. If you want to open a wave window go to 'File->New Waveform Configuration' or type 'create_wave_config' in the TCL console."
#   }
# }
# run 1000ns
INFO: [USF-XSim-96] XSim completed. Design snapshot 'TB_com_arr_mult_behav' loaded.
INFO: [USF-XSim-97] XSim simulation ran for 1000ns
launch_simulation: Time (s): cpu = 00:00:02 ; elapsed = 00:00:12 . Memory (MB): peak = 2393.398 ; gain = 0.000
reset_run synth_1
WARNING: [Vivado 12-1017] Problems encountered:
1. Failed to delete one or more files in run directory C:/Users/mbakst/Desktop/Lab 8/mulitiplier/mulitiplier.runs/synth_1

launch_runs synth_1 -jobs 8
CRITICAL WARNING: [HDL 9-806] Syntax error near ",". [C:/Users/mbakst/Desktop/Lab 8/mulitiplier/mulitiplier.srcs/sources_1/new/array_com_mult.v:37]
CRITICAL WARNING: [HDL 9-806] Syntax error near "[". [C:/Users/mbakst/Desktop/Lab 8/mulitiplier/mulitiplier.srcs/sources_1/new/array_com_mult.v:37]
CRITICAL WARNING: [HDL 9-806] Syntax error near ",". [C:/Users/mbakst/Desktop/Lab 8/mulitiplier/mulitiplier.srcs/sources_1/new/array_com_mult.v:37]
CRITICAL WARNING: [HDL 9-806] Syntax error near "[". [C:/Users/mbakst/Desktop/Lab 8/mulitiplier/mulitiplier.srcs/sources_1/new/array_com_mult.v:37]
CRITICAL WARNING: [HDL 9-806] Syntax error near "full_add". [C:/Users/mbakst/Desktop/Lab 8/mulitiplier/mulitiplier.srcs/sources_1/new/array_com_mult.v:38]
[Thu Dec  8 15:30:43 2022] Launched synth_1...
Run output will be captured here: C:/Users/mbakst/Desktop/Lab 8/mulitiplier/mulitiplier.runs/synth_1/runme.log
launch_runs: Time (s): cpu = 00:00:01 ; elapsed = 00:00:19 . Memory (MB): peak = 2393.398 ; gain = 0.000
set_property is_enabled false [get_files  {{C:/Users/mbakst/Desktop/Lab 8/mulitiplier/mulitiplier.srcs/sources_1/new/array_com_mult.v}}]
reset_run synth_1
WARNING: [Vivado 12-1017] Problems encountered:
1. Failed to delete one or more files in run directory C:/Users/mbakst/Desktop/Lab 8/mulitiplier/mulitiplier.runs/synth_1

launch_runs synth_1 -jobs 8
[Thu Dec  8 15:31:17 2022] Launched synth_1...
Run output will be captured here: C:/Users/mbakst/Desktop/Lab 8/mulitiplier/mulitiplier.runs/synth_1/runme.log
launch_runs: Time (s): cpu = 00:00:00 ; elapsed = 00:00:18 . Memory (MB): peak = 2393.398 ; gain = 0.000
set_property is_enabled true [get_files  {{C:/Users/mbakst/Desktop/Lab 8/mulitiplier/mulitiplier.srcs/sources_1/new/array_com_mult.v}}]
update_compile_order -fileset sources_1
close_sim
INFO: [Simtcl 6-16] Simulation closed
close_sim: Time (s): cpu = 00:00:01 ; elapsed = 00:00:07 . Memory (MB): peak = 2393.398 ; gain = 0.000
launch_simulation
Command: launch_simulation 
INFO: [Vivado 12-5682] Launching behavioral simulation in 'C:/Users/mbakst/Desktop/Lab 8/mulitiplier/mulitiplier.sim/sim_1/behav/xsim'
INFO: [SIM-utils-51] Simulation object is 'sim_1'
INFO: [SIM-utils-54] Inspecting design source files for 'TB_com_arr_mult' in fileset 'sim_1'...
INFO: [USF-XSim-97] Finding global include files...
INFO: [USF-XSim-98] Fetching design files from 'sim_1'...
INFO: [USF-XSim-2] XSim::Compile design
INFO: [USF-XSim-61] Executing 'COMPILE and ANALYZE' step in 'C:/Users/mbakst/Desktop/Lab 8/mulitiplier/mulitiplier.sim/sim_1/behav/xsim'
"xvlog --incr --relax -prj TB_com_arr_mult_vlog.prj"
INFO: [VRFC 10-2263] Analyzing Verilog file "C:/Users/mbakst/Desktop/Lab 8/mulitiplier/mulitiplier.srcs/sources_1/new/array_block.v" into library xil_defaultlib
INFO: [VRFC 10-311] analyzing module array_block
INFO: [VRFC 10-2263] Analyzing Verilog file "C:/Users/mbakst/Desktop/Lab 8/mulitiplier/mulitiplier.srcs/sources_1/new/array_com_mult.v" into library xil_defaultlib
INFO: [VRFC 10-311] analyzing module array_com_mult
INFO: [VRFC 10-2263] Analyzing Verilog file "C:/Users/mbakst/Desktop/Lab 8/mulitiplier/mulitiplier.srcs/sources_1/new/array_row.v" into library xil_defaultlib
INFO: [VRFC 10-311] analyzing module array_row
INFO: [VRFC 10-2263] Analyzing Verilog file "C:/Users/mbakst/Desktop/Lab 8/mulitiplier/mulitiplier.srcs/sources_1/imports/ripple_carry_add/ripple_carry_add.srcs/sources_1/imports/sources_1/new/full_add.v" into library xil_defaultlib
INFO: [VRFC 10-311] analyzing module full_add
INFO: [VRFC 10-2263] Analyzing Verilog file "C:/Users/mbakst/Desktop/Lab 8/mulitiplier/mulitiplier.srcs/sources_1/imports/ripple_carry_add/ripple_carry_add.srcs/sources_1/imports/sources_1/imports/new/half_add.v" into library xil_defaultlib
INFO: [VRFC 10-311] analyzing module half_add
INFO: [VRFC 10-2263] Analyzing Verilog file "C:/Users/mbakst/Desktop/Lab 8/mulitiplier/mulitiplier.srcs/sim_1/new/TB_com_arr_mult.v" into library xil_defaultlib
INFO: [VRFC 10-311] analyzing module TB_com_arr_mult
INFO: [USF-XSim-69] 'compile' step finished in '1' seconds
INFO: [USF-XSim-3] XSim::Elaborate design
INFO: [USF-XSim-61] Executing 'ELABORATE' step in 'C:/Users/mbakst/Desktop/Lab 8/mulitiplier/mulitiplier.sim/sim_1/behav/xsim'
"xelab -wto 261905fa66144b55828cfc8e9d633356 --incr --debug typical --relax --mt 2 -L xil_defaultlib -L unisims_ver -L unimacro_ver -L secureip --snapshot TB_com_arr_mult_behav xil_defaultlib.TB_com_arr_mult xil_defaultlib.glbl -log elaborate.log"
Vivado Simulator 2019.2
Copyright 1986-1999, 2001-2019 Xilinx, Inc. All Rights Reserved.
Running: C:/Xilinx/Vivado/2019.2/bin/unwrapped/win64.o/xelab.exe -wto 261905fa66144b55828cfc8e9d633356 --incr --debug typical --relax --mt 2 -L xil_defaultlib -L unisims_ver -L unimacro_ver -L secureip --snapshot TB_com_arr_mult_behav xil_defaultlib.TB_com_arr_mult xil_defaultlib.glbl -log elaborate.log 
Using 2 slave threads.
Starting static elaboration
Pass Through NonSizing Optimizer
ERROR: [VRFC 10-3180] cannot find port 's' on this module [C:/Users/mbakst/Desktop/Lab 8/mulitiplier/mulitiplier.srcs/sources_1/new/array_com_mult.v:33]
ERROR: [XSIM 43-3322] Static elaboration of top level Verilog design unit(s) in library work failed.
INFO: [USF-XSim-69] 'elaborate' step finished in '1' seconds
INFO: [USF-XSim-99] Step results log file:'C:/Users/mbakst/Desktop/Lab 8/mulitiplier/mulitiplier.sim/sim_1/behav/xsim/elaborate.log'
ERROR: [USF-XSim-62] 'elaborate' step failed with error(s). Please check the Tcl console output or 'C:/Users/mbakst/Desktop/Lab 8/mulitiplier/mulitiplier.sim/sim_1/behav/xsim/elaborate.log' file for more information.
ERROR: [Vivado 12-4473] Detected error while running simulation. Please correct the issue and retry this operation.
ERROR: [Common 17-39] 'launch_simulation' failed due to earlier errors.
set_property top array_com_mult [current_fileset]
update_compile_order -fileset sources_1
launch_simulation
Command: launch_simulation 
INFO: [Vivado 12-5682] Launching behavioral simulation in 'C:/Users/mbakst/Desktop/Lab 8/mulitiplier/mulitiplier.sim/sim_1/behav/xsim'
INFO: [SIM-utils-51] Simulation object is 'sim_1'
INFO: [SIM-utils-54] Inspecting design source files for 'TB_com_arr_mult' in fileset 'sim_1'...
INFO: [USF-XSim-97] Finding global include files...
INFO: [USF-XSim-98] Fetching design files from 'sim_1'...
INFO: [USF-XSim-2] XSim::Compile design
INFO: [USF-XSim-61] Executing 'COMPILE and ANALYZE' step in 'C:/Users/mbakst/Desktop/Lab 8/mulitiplier/mulitiplier.sim/sim_1/behav/xsim'
"xvlog --incr --relax -prj TB_com_arr_mult_vlog.prj"
INFO: [VRFC 10-2263] Analyzing Verilog file "C:/Users/mbakst/Desktop/Lab 8/mulitiplier/mulitiplier.srcs/sources_1/new/array_row.v" into library xil_defaultlib
INFO: [VRFC 10-311] analyzing module array_row
INFO: [USF-XSim-69] 'compile' step finished in '1' seconds
INFO: [USF-XSim-3] XSim::Elaborate design
INFO: [USF-XSim-61] Executing 'ELABORATE' step in 'C:/Users/mbakst/Desktop/Lab 8/mulitiplier/mulitiplier.sim/sim_1/behav/xsim'
"xelab -wto 261905fa66144b55828cfc8e9d633356 --incr --debug typical --relax --mt 2 -L xil_defaultlib -L unisims_ver -L unimacro_ver -L secureip --snapshot TB_com_arr_mult_behav xil_defaultlib.TB_com_arr_mult xil_defaultlib.glbl -log elaborate.log"
Vivado Simulator 2019.2
Copyright 1986-1999, 2001-2019 Xilinx, Inc. All Rights Reserved.
Running: C:/Xilinx/Vivado/2019.2/bin/unwrapped/win64.o/xelab.exe -wto 261905fa66144b55828cfc8e9d633356 --incr --debug typical --relax --mt 2 -L xil_defaultlib -L unisims_ver -L unimacro_ver -L secureip --snapshot TB_com_arr_mult_behav xil_defaultlib.TB_com_arr_mult xil_defaultlib.glbl -log elaborate.log 
Using 2 slave threads.
Starting static elaboration
Pass Through NonSizing Optimizer
ERROR: [VRFC 10-3180] cannot find port 's' on this module [C:/Users/mbakst/Desktop/Lab 8/mulitiplier/mulitiplier.srcs/sources_1/new/array_com_mult.v:33]
ERROR: [XSIM 43-3322] Static elaboration of top level Verilog design unit(s) in library work failed.
INFO: [USF-XSim-69] 'elaborate' step finished in '1' seconds
INFO: [USF-XSim-99] Step results log file:'C:/Users/mbakst/Desktop/Lab 8/mulitiplier/mulitiplier.sim/sim_1/behav/xsim/elaborate.log'
ERROR: [USF-XSim-62] 'elaborate' step failed with error(s). Please check the Tcl console output or 'C:/Users/mbakst/Desktop/Lab 8/mulitiplier/mulitiplier.sim/sim_1/behav/xsim/elaborate.log' file for more information.
ERROR: [Vivado 12-4473] Detected error while running simulation. Please correct the issue and retry this operation.
ERROR: [Common 17-39] 'launch_simulation' failed due to earlier errors.
exit
INFO: [Common 17-206] Exiting Vivado at Thu Dec  8 15:36:11 2022...
