#-----------------------------------------------------------
# Vivado v2019.2 (64-bit)
# SW Build 2708876 on Wed Nov  6 21:40:23 MST 2019
# IP Build 2700528 on Thu Nov  7 00:09:20 MST 2019
# Start of session at: Fri Dec  9 13:59:50 2022
# Process ID: 7648
# Current directory: E:/ENEE245 Verilog code/Lab 8/mulitiplier
# Command line: vivado.exe -gui_launcher_event rodinguilauncherevent1048 E:\ENEE245 Verilog code\Lab 8\mulitiplier\mulitiplier.xpr
# Log file: E:/ENEE245 Verilog code/Lab 8/mulitiplier/vivado.log
# Journal file: E:/ENEE245 Verilog code/Lab 8/mulitiplier\vivado.jou
#-----------------------------------------------------------
start_gui
open_project {E:/ENEE245 Verilog code/Lab 8/mulitiplier/mulitiplier.xpr}
INFO: [Project 1-313] Project file moved from 'G:/My Drive/School/UMD/Fall 2022/enee245/Xilinx/Lab 8/mulitiplier' since last save.
Scanning sources...
Finished scanning sources
INFO: [IP_Flow 19-234] Refreshing IP repositories
INFO: [IP_Flow 19-1704] No user IP repositories specified
INFO: [IP_Flow 19-2313] Loaded Vivado IP repository 'C:/Xilinx/Vivado/2019.2/data/ip'.
open_project: Time (s): cpu = 00:00:10 ; elapsed = 00:00:07 . Memory (MB): peak = 802.082 ; gain = 144.695
update_compile_order -fileset sources_1
set_property top multipliers_delays [current_fileset]
update_compile_order -fileset sources_1
reset_run synth_1
launch_runs synth_1 -jobs 8
[Fri Dec  9 14:01:28 2022] Launched synth_1...
Run output will be captured here: E:/ENEE245 Verilog code/Lab 8/mulitiplier/mulitiplier.runs/synth_1/runme.log
launch_runs: Time (s): cpu = 00:00:00 ; elapsed = 00:00:21 . Memory (MB): peak = 816.375 ; gain = 0.000
